<?xml version="1.0" encoding="UTF-8"?>
<testng-results ignored="0" total="2" passed="2" failed="0" skipped="0">
  <reporter-output>
  </reporter-output>
  <suite started-at="2026-06-23T19:50:21 IST" name="Default suite" finished-at="2026-06-23T19:50:31 IST" duration-ms="9652">
    <groups>
    </groups>
    <test started-at="2026-06-23T19:50:21 IST" name="Default test" finished-at="2026-06-23T19:50:31 IST" duration-ms="9652">
      <class name="Day1.Login2">
        <test-method is-config="true" signature="beforeClass()[pri:0, instance:Day1.Login2@367ffa75]" started-at="2026-06-23T19:50:21 IST" name="beforeClass" finished-at="2026-06-23T19:50:26 IST" duration-ms="5085" status="PASS">
          <reporter-output>
          </reporter-output>
        </test-method> <!-- beforeClass -->
        <test-method signature="f()[pri:0, instance:Day1.Login2@367ffa75]" started-at="2026-06-23T19:50:27 IST" name="f" finished-at="2026-06-23T19:50:29 IST" duration-ms="2214" status="PASS">
          <reporter-output>
          </reporter-output>
        </test-method> <!-- f -->
        <test-method signature="g()[pri:0, instance:Day1.Login2@367ffa75]" started-at="2026-06-23T19:50:29 IST" name="g" finished-at="2026-06-23T19:50:31 IST" depends-on-methods="Day1.Login2.f" duration-ms="2286" status="PASS">
          <reporter-output>
          </reporter-output>
        </test-method> <!-- g -->
      </class> <!-- Day1.Login2 -->
    </test> <!-- Default test -->
  </suite> <!-- Default suite -->
</testng-results>
